<?xml version="1.0" encoding="UTF-8"?>
<!-- Generated by org.testng.reporters.JUnitXMLReporter -->
<testsuite ignored="0" hostname="Swetas-MacBook-Pro.local" failures="0" tests="1" name="Test" time="0.016" errors="0" timestamp="30 Sep 2021 09:38:11 GMT">
  <testcase classname="automation.Viewings" name="@BeforeTest initialize" time="0.004">
    <failure type="java.io.FileNotFoundException" message="src\main\java\resources\data.properties (No such file or directory)">
      <![CDATA[java.io.FileNotFoundException: src\main\java\resources\data.properties (No such file or directory)
at java.base/java.io.FileInputStream.open0(Native Method)
at java.base/java.io.FileInputStream.open(FileInputStream.java:211)
at java.base/java.io.FileInputStream.<init>(FileInputStream.java:153)
at java.base/java.io.FileInputStream.<init>(FileInputStream.java:108)
at resources.base.initializeDriver(base.java:27)
at automation.Viewings.initialize(Viewings.java:28)
... Removed 28 stack frames]]>
    </failure>
  </testcase> <!-- @BeforeTest initialize -->
  <testcase classname="automation.Viewings" name="@AfterTest teardown" time="0.0">
    <skipped/>
  </testcase> <!-- @AfterTest teardown -->
  <testcase classname="automation.Viewings" name="viewingFromTable" time="0.0">
    <skipped/>
  </testcase> <!-- viewingFromTable -->
</testsuite> <!-- Test -->
