<?xml version="1.0" encoding="UTF-8"?>
<testsuite xmlns:xsi="http://www.w3.org/2001/XMLSchema-instance" xsi:noNamespaceSchemaLocation="https://maven.apache.org/surefire/maven-surefire-plugin/xsd/surefire-test-report-3.0.xsd" version="3.0" name="TestSuite" time="6.35" tests="3" errors="0" skipped="2" failures="1">
  <properties>
[...]
</properties>
  <testcase name="initialize" classname="automation.Viewings" time="6.071">
    <failure message="src\main\java\resources\data.properties (No such file or directory)" type="java.io.FileNotFoundException"><![CDATA[java.io.FileNotFoundException: src\main\java\resources\data.properties (No such file or directory)
	at automation.Viewings.initialize(Viewings.java:28)
]]></failure>
    <system-out><![CDATA[[TestNGContentHandler] [WARN] It is strongly recommended to add "<!DOCTYPE suite SYSTEM "http://testng.org/testng-1.0.dtd" >" at the top of your file, otherwise TestNG may fail or not work as expected.
]]></system-out>
  </testcase>
  <testcase name="viewingFromTable" classname="automation.Viewings" time="0">
    <skipped message="src\main\java\resources\data.properties (No such file or directory)"/>
  </testcase>
  <testcase name="teardown" classname="automation.Viewings" time="0">
    <skipped/>
  </testcase>
</testsuite>