-------------------------------------------------------------------------------
Test set: TestSuite
-------------------------------------------------------------------------------
Tests run: 3, Failures: 1, Errors: 0, Skipped: 2, Time elapsed: 6.35 s <<< FAILURE! - in TestSuite
automation.Viewings.initialize  Time elapsed: 6.071 s  <<< FAILURE!
java.io.FileNotFoundException: src\main\java\resources\data.properties (No such file or directory)
	at automation.Viewings.initialize(Viewings.java:28)

