<?xml version="1.0" encoding="UTF-8"?>
<testng-results ignored="0" total="1" passed="1" failed="0" skipped="0">
  <reporter-output>
  </reporter-output>
  <suite started-at="2021-01-28T05:39:19 IST" name="Default suite" finished-at="2021-01-28T05:41:18 IST" duration-ms="119230">
    <groups>
    </groups>
    <test started-at="2021-01-28T05:39:19 IST" name="Default test" finished-at="2021-01-28T05:41:18 IST" duration-ms="119230">
      <class name="automation.addProperty">
        <test-method is-config="true" signature="initialize()[pri:0, instance:automation.addProperty@3fc9504b]" started-at="2021-01-28T05:39:19 IST" name="initialize" finished-at="2021-01-28T05:39:42 IST" duration-ms="23133" status="PASS">
          <reporter-output>
          </reporter-output>
        </test-method> <!-- initialize -->
        <test-method signature="addPropertyPlus()[pri:0, instance:automation.addProperty@3fc9504b]" started-at="2021-01-28T05:39:42 IST" name="addPropertyPlus" finished-at="2021-01-28T05:41:18 IST" duration-ms="96052" status="PASS">
          <reporter-output>
          </reporter-output>
        </test-method> <!-- addPropertyPlus -->
      </class> <!-- automation.addProperty -->
    </test> <!-- Default test -->
  </suite> <!-- Default suite -->
</testng-results>
